Arguments: 
  /Users/neal/.nvm/versions/node/v18.11.0/bin/node /usr/local/bin/yarn

PATH: 
  /Users/neal/.deno/bin:/Users/neal/.nvm/versions/node/v18.11.0/bin:/usr/local/bin:/System/Cryptexes/App/usr/bin:/usr/bin:/bin:/usr/sbin:/sbin:/Library/TeX/texbin

Yarn version: 
  1.22.19

Node version: 
  18.11.0

Platform: 
  darwin x64

Trace: 
  SyntaxError: /Users/neal/workspace/whimsycal/server/package.json: Unexpected token } in JSON at position 400
      at JSON.parse (<anonymous>)
      at /usr/local/lib/node_modules/yarn/lib/cli.js:1629:59
      at Generator.next (<anonymous>)
      at step (/usr/local/lib/node_modules/yarn/lib/cli.js:310:30)
      at /usr/local/lib/node_modules/yarn/lib/cli.js:321:13

npm manifest: 
  {
    "name": "whimsycal-server",
    "version": "1.0.0",
    "main": "index.js",
    "author": "Neal Williams <nealfwilliams@gmail.com>",
    "license": "MIT",
    "devDependencies": {
      "@types/node": "^20.8.0",
      "@types/express": "^4.17.20",
      "prisma": "^5.3.1",
      "ts-node": "^10.9.1",
      "typescript": "^5.2.2"
    },
    "dependencies": {
      "@prisma/client": "^5.3.1",
      "express": "^4.18.2",
    }
  }

yarn manifest: 
  No manifest

Lockfile: 
  No lockfile
